<?xml version="1.0" encoding="UTF-8"?>
<!-- Generated by org.testng.reporters.JUnitReportReporter -->
<testsuite hostname="ZS-LT-9X5WKW3" failures="0" tests="5" name="testbase.LoginTest" time="3.345" errors="0" timestamp="2025-04-19T20:15:59 IST" skipped="0">
  <testcase classname="testbase.LoginTest" name="TC_01_testLoginButtonVisible" time="0.080"/>
  <testcase classname="testbase.LoginTest" name="TC_02_tesLogintButtonClickable" time="0.089"/>
  <testcase classname="testbase.LoginTest" name="TC_03_testInvalidUsernameAndvalidPassword" time="1.010"/>
  <testcase classname="testbase.LoginTest" name="TC_04_testInvalidUsernameAndValidPassword" time="0.469"/>
  <testcase classname="testbase.LoginTest" name="TC_06_testvalidlogin" time="1.697"/>
</testsuite> <!-- testbase.LoginTest -->
