<?xml version="1.0" encoding="UTF-8"?>
<!-- Generated by org.testng.reporters.JUnitReportReporter -->
<testsuite hostname="ZS-LT-9X5WKW3" failures="0" tests="1" name="testbase.ChangePasswordTest" time="2.557" errors="0" timestamp="2025-04-19T20:15:59 IST" skipped="0">
  <testcase classname="testbase.ChangePasswordTest" name="TC_21_testChangePassword" time="2.557"/>
</testsuite> <!-- testbase.ChangePasswordTest -->
