<?xml version="1.0" encoding="UTF-8"?>
<!-- Generated by org.testng.reporters.JUnitReportReporter -->
<testsuite hostname="ZS-LT-9X5WKW3" failures="0" tests="6" name="testbase.SearchHotelTest" time="36.386" errors="0" timestamp="2025-04-19T20:15:59 IST" skipped="0">
  <testcase classname="testbase.SearchHotelTest" name="TC_07_testSearchHotel" time="6.630"/>
  <testcase classname="testbase.SearchHotelTest" name="TC_08_testMissingInDate" time="5.457"/>
  <testcase classname="testbase.SearchHotelTest" name="TC_09_testMissingOutDate" time="5.739"/>
  <testcase classname="testbase.SearchHotelTest" name="TC_10_testDateBedoreInDate" time="6.346"/>
  <testcase classname="testbase.SearchHotelTest" name="TC_11_testWithoutLocation" time="6.043"/>
  <testcase classname="testbase.SearchHotelTest" name="TC_12_testWithoutRoomType" time="6.171"/>
</testsuite> <!-- testbase.SearchHotelTest -->
